<?xml version="1.0" encoding="UTF-8"?>
<!-- Generated by org.testng.reporters.JUnitXMLReporter -->
<testsuite hostname="DESKTOP-ADV551E" ignored="0" name="Test" tests="8" failures="4" timestamp="27 May 2020 14:01:32 GMT" time="40.972" errors="0">
  <testcase name="testcase1" time="0.014" classname="testCases.TestCase1"/>
  <testcase name="testcase2" time="0.004" classname="testCases.TestCase1"/>
  <testcase name="testcase3" time="0.007" classname="testCases.TestCase1">
    <failure type="java.lang.AssertionError" message="expected [true] but found [false]">
      <![CDATA[java.lang.AssertionError: expected [true] but found [false]
at testCases.TestCase1.testcase3(TestCase1.java:25)
... Removed 29 stack frames]]>
    </failure>
  </testcase> <!-- testcase3 -->
  <testcase name="testcase4" time="0.002" classname="testCases.TestCase1">
    <failure type="java.lang.AssertionError" message="expected [true] but found [false]">
      <![CDATA[java.lang.AssertionError: expected [true] but found [false]
at testCases.TestCase1.testcase4(TestCase1.java:32)
... Removed 29 stack frames]]>
    </failure>
  </testcase> <!-- testcase4 -->
  <testcase name="testcase21" time="0.003" classname="testCases.TestCase2"/>
  <testcase name="testcase22" time="0.003" classname="testCases.TestCase2"/>
  <testcase name="testcase23" time="0.005" classname="testCases.TestCase2">
    <failure type="java.lang.AssertionError" message="expected [true] but found [false]">
      <![CDATA[java.lang.AssertionError: expected [true] but found [false]
at testCases.TestCase2.testcase23(TestCase2.java:27)
... Removed 29 stack frames]]>
    </failure>
  </testcase> <!-- testcase23 -->
  <testcase name="testcase4" time="0.002" classname="testCases.TestCase2">
    <failure type="java.lang.AssertionError" message="expected [true] but found [false]">
      <![CDATA[java.lang.AssertionError: expected [true] but found [false]
at testCases.TestCase2.testcase4(TestCase2.java:35)
... Removed 29 stack frames]]>
    </failure>
  </testcase> <!-- testcase4 -->
</testsuite> <!-- Test -->
